Reading package lists...
Building dependency tree...
Reading state information...
cmake is already the newest version (3.25.1-1).
libcanberra-gtk3-module is already the newest version (0.30-10).
libgl-dev is already the newest version (1.6.0-1).
libwayland-bin is already the newest version (1.21.0-1).
libwayland-dev is already the newest version (1.21.0-1).
libx11-dev is already the newest version (2:1.8.4-2+deb12u2).
libxcursor-dev is already the newest version (1:1.2.1-1).
libxi-dev is already the newest version (2:1.8-1+b1).
libxinerama-dev is already the newest version (2:1.1.4-3).
libxkbcommon-x11-dev is already the newest version (1.5.0-1).
libxrandr-dev is already the newest version (2:1.5.2-2+b1).
0 upgraded, 0 newly installed, 0 to remove and 0 not upgraded.
0.00user 0.00system 0:01.38elapsed 0%CPU (0avgtext+0avgdata 4752maxresident)k
0inputs+0outputs (0major+230minor)pagefaults 0swaps

Checking package versions
ii cmake 3.25.1-1 arm64 cross-platform, open-source make system
ii libcanberra-gtk3-module:arm64 0.30-10 arm64 translates GTK3 widgets signals to event sounds
ii libgl-dev:arm64 1.6.0-1 arm64 Vendor neutral GL dispatch library -- GL development files
ii libwayland-bin 1.21.0-1 arm64 wayland compositor infrastructure - binary utilities
ii libwayland-dev:arm64 1.21.0-1 arm64 wayland compositor infrastructure - development files
ii libx11-dev:arm64 2:1.8.4-2+deb12u2 arm64 X11 client-side library (development headers)
ii libxcursor-dev:arm64 1:1.2.1-1 arm64 X cursor management library (development files)
ii libxi-dev:arm64 2:1.8-1+b1 arm64 X11 Input extension library (development headers)
ii libxinerama-dev:arm64 2:1.1.4-3 arm64 X11 Xinerama extension library (development headers)
ii libxkbcommon-x11-dev:arm64 1.5.0-1 arm64 library to create keymaps with the XKB X11 protocol - development files
ii libxrandr-dev:arm64 2:1.5.2-2+b1 arm64 X11 RandR extension library (development headers)

Done!

Cloning ChuGL repository
Cloning into 'chugl'...
2.28user 0.23system 0:03.75elapsed 67%CPU (0avgtext+0avgdata 83792maxresident)k
0inputs+173248outputs (0major+15363minor)pagefaults 0swaps

Building ChuGL
-- The CXX compiler identification is GNU 12.2.0
-- The C compiler identification is GNU 12.2.0
-- Detecting CXX compiler ABI info
-- Detecting CXX compiler ABI info - done
-- Check for working CXX compiler: /usr/bin/c++ - skipped
-- Detecting CXX compile features
-- Detecting CXX compile features - done
-- Detecting C compiler ABI info
-- Detecting C compiler ABI info - done
-- Check for working C compiler: /usr/bin/cc - skipped
-- Detecting C compile features
-- Detecting C compile features - done
-- Using static wgpu-native backend for WebGPU v22.1.0.5
-- Using WebGPU backend from '/home/znmeb/dbx-homes/ChucK-in-the-Box-debian_bookworm/Projects/chugl/src/build-debug/_deps/webgpu-src/lib/linux-aarch64/libwgpu_native.a'
-- Performing Test CMAKE_HAVE_LIBC_PTHREAD
-- Performing Test CMAKE_HAVE_LIBC_PTHREAD - Success
-- Found Threads: TRUE  
-- Including X11 support
-- Found X11: /usr/include   
-- Looking for XOpenDisplay in /usr/lib/aarch64-linux-gnu/libX11.so;/usr/lib/aarch64-linux-gnu/libXext.so
-- Looking for XOpenDisplay in /usr/lib/aarch64-linux-gnu/libX11.so;/usr/lib/aarch64-linux-gnu/libXext.so - found
-- Looking for gethostbyname
-- Looking for gethostbyname - found
-- Looking for connect
-- Looking for connect - found
-- Looking for remove
-- Looking for remove - found
-- Looking for shmat
-- Looking for shmat - found
-- Found PkgConfig: /usr/bin/pkg-config (found version "1.8.1") 
-- Looking for unistd.h
-- Looking for unistd.h - found
-- Looking for fcntl.h
-- Looking for fcntl.h - found
-- Box2D using Unix
-- Configuring done
-- Generating done
-- Build files have been written to: /home/znmeb/dbx-homes/ChucK-in-the-Box-debian_bookworm/Projects/chugl/src/build-debug
[  0%] Built target simde
[  1%] Building C object vendor/box2d/src/CMakeFiles/box2d.dir/aabb.c.o
[  2%] Building C object vendor/box2d/src/CMakeFiles/box2d.dir/allocate.c.o
[  3%] Building C object vendor/box2d/src/CMakeFiles/box2d.dir/array.c.o
[  4%] Building C object vendor/box2d/src/CMakeFiles/box2d.dir/bitset.c.o
[  4%] Building C object vendor/box2d/src/CMakeFiles/box2d.dir/block_array.c.o
[  5%] Building C object vendor/box2d/src/CMakeFiles/box2d.dir/body.c.o
[  6%] Building C object vendor/box2d/src/CMakeFiles/box2d.dir/broad_phase.c.o
[  7%] Building C object vendor/box2d/src/CMakeFiles/box2d.dir/constraint_graph.c.o
[  8%] Building C object vendor/box2d/src/CMakeFiles/box2d.dir/contact.c.o
[  8%] Building C object vendor/box2d/src/CMakeFiles/box2d.dir/contact_solver.c.o
[  9%] Building C object vendor/box2d/src/CMakeFiles/box2d.dir/core.c.o
[ 10%] Building C object vendor/box2d/src/CMakeFiles/box2d.dir/distance.c.o
[ 11%] Building C object vendor/box2d/src/CMakeFiles/box2d.dir/distance_joint.c.o
[ 12%] Building C object vendor/box2d/src/CMakeFiles/box2d.dir/dynamic_tree.c.o
[ 12%] Building C object vendor/box2d/src/CMakeFiles/box2d.dir/geometry.c.o
[ 13%] Building C object vendor/box2d/src/CMakeFiles/box2d.dir/hull.c.o
[ 14%] Building C object vendor/box2d/src/CMakeFiles/box2d.dir/id_pool.c.o
[ 15%] Building C object vendor/box2d/src/CMakeFiles/box2d.dir/island.c.o
[ 16%] Building C object vendor/box2d/src/CMakeFiles/box2d.dir/joint.c.o
[ 16%] Building C object vendor/box2d/src/CMakeFiles/box2d.dir/manifold.c.o
[ 17%] Building C object vendor/box2d/src/CMakeFiles/box2d.dir/math_functions.c.o
[ 18%] Building C object vendor/box2d/src/CMakeFiles/box2d.dir/motor_joint.c.o
[ 19%] Building C object vendor/box2d/src/CMakeFiles/box2d.dir/mouse_joint.c.o
[ 20%] Building C object vendor/box2d/src/CMakeFiles/box2d.dir/prismatic_joint.c.o
[ 20%] Building C object vendor/box2d/src/CMakeFiles/box2d.dir/revolute_joint.c.o
[ 21%] Building C object vendor/box2d/src/CMakeFiles/box2d.dir/shape.c.o
[ 22%] Building C object vendor/box2d/src/CMakeFiles/box2d.dir/solver.c.o
[ 23%] Building C object vendor/box2d/src/CMakeFiles/box2d.dir/solver_set.c.o
[ 24%] Building C object vendor/box2d/src/CMakeFiles/box2d.dir/stack_allocator.c.o
[ 24%] Building C object vendor/box2d/src/CMakeFiles/box2d.dir/table.c.o
[ 25%] Building C object vendor/box2d/src/CMakeFiles/box2d.dir/timer.c.o
[ 26%] Building C object vendor/box2d/src/CMakeFiles/box2d.dir/types.c.o
[ 27%] Building C object vendor/box2d/src/CMakeFiles/box2d.dir/weld_joint.c.o
[ 28%] Building C object vendor/box2d/src/CMakeFiles/box2d.dir/wheel_joint.c.o
[ 28%] Building C object vendor/box2d/src/CMakeFiles/box2d.dir/world.c.o
[ 29%] Linking C static library libbox2d.a
[ 29%] Built target box2d
[ 29%] Building C object vendor/glfw/src/CMakeFiles/glfw.dir/context.c.o
[ 30%] Building C object vendor/glfw/src/CMakeFiles/glfw.dir/init.c.o
[ 31%] Building C object vendor/glfw/src/CMakeFiles/glfw.dir/input.c.o
[ 32%] Building C object vendor/glfw/src/CMakeFiles/glfw.dir/monitor.c.o
[ 33%] Building C object vendor/glfw/src/CMakeFiles/glfw.dir/platform.c.o
[ 33%] Building C object vendor/glfw/src/CMakeFiles/glfw.dir/vulkan.c.o
[ 34%] Building C object vendor/glfw/src/CMakeFiles/glfw.dir/window.c.o
[ 35%] Building C object vendor/glfw/src/CMakeFiles/glfw.dir/egl_context.c.o
[ 36%] Building C object vendor/glfw/src/CMakeFiles/glfw.dir/osmesa_context.c.o
[ 37%] Building C object vendor/glfw/src/CMakeFiles/glfw.dir/null_init.c.o
[ 37%] Building C object vendor/glfw/src/CMakeFiles/glfw.dir/null_monitor.c.o
[ 38%] Building C object vendor/glfw/src/CMakeFiles/glfw.dir/null_window.c.o
[ 39%] Building C object vendor/glfw/src/CMakeFiles/glfw.dir/null_joystick.c.o
[ 40%] Building C object vendor/glfw/src/CMakeFiles/glfw.dir/posix_module.c.o
[ 41%] Building C object vendor/glfw/src/CMakeFiles/glfw.dir/posix_time.c.o
[ 41%] Building C object vendor/glfw/src/CMakeFiles/glfw.dir/posix_thread.c.o
[ 42%] Building C object vendor/glfw/src/CMakeFiles/glfw.dir/x11_init.c.o
[ 43%] Building C object vendor/glfw/src/CMakeFiles/glfw.dir/x11_monitor.c.o
[ 44%] Building C object vendor/glfw/src/CMakeFiles/glfw.dir/x11_window.c.o
[ 45%] Building C object vendor/glfw/src/CMakeFiles/glfw.dir/xkb_unicode.c.o
[ 45%] Building C object vendor/glfw/src/CMakeFiles/glfw.dir/glx_context.c.o
[ 46%] Building C object vendor/glfw/src/CMakeFiles/glfw.dir/linux_joystick.c.o
[ 47%] Building C object vendor/glfw/src/CMakeFiles/glfw.dir/posix_poll.c.o
[ 48%] Linking C static library libglfw3.a
[ 48%] Built target glfw
[ 49%] Building C object vendor/glfw3webgpu/CMakeFiles/glfw3webgpu.dir/glfw3webgpu.c.o
[ 49%] Linking C static library libglfw3webgpu.a
[ 49%] Built target glfw3webgpu
[ 50%] Building C object vendor/sr_webcam/CMakeFiles/sr_webcam.dir/src/sr_webcam.c.o
[ 51%] Building C object vendor/sr_webcam/CMakeFiles/sr_webcam.dir/src/sr_webcam_lin.c.o
[ 52%] Linking C static library libsr_webcam.a
[ 52%] Built target sr_webcam
[ 53%] Building C object vendor/freetype/CMakeFiles/freetype.dir/src/autofit/autofit.c.o
[ 54%] Building C object vendor/freetype/CMakeFiles/freetype.dir/src/base/ftbase.c.o
[ 55%] Building C object vendor/freetype/CMakeFiles/freetype.dir/src/base/ftbbox.c.o
[ 55%] Building C object vendor/freetype/CMakeFiles/freetype.dir/src/base/ftbdf.c.o
[ 56%] Building C object vendor/freetype/CMakeFiles/freetype.dir/src/base/ftbitmap.c.o
[ 57%] Building C object vendor/freetype/CMakeFiles/freetype.dir/src/base/ftcid.c.o
[ 58%] Building C object vendor/freetype/CMakeFiles/freetype.dir/src/base/ftfstype.c.o
[ 59%] Building C object vendor/freetype/CMakeFiles/freetype.dir/src/base/ftgasp.c.o
[ 59%] Building C object vendor/freetype/CMakeFiles/freetype.dir/src/base/ftglyph.c.o
[ 60%] Building C object vendor/freetype/CMakeFiles/freetype.dir/src/base/ftgxval.c.o
[ 61%] Building C object vendor/freetype/CMakeFiles/freetype.dir/src/base/ftinit.c.o
[ 62%] Building C object vendor/freetype/CMakeFiles/freetype.dir/src/base/ftmm.c.o
[ 63%] Building C object vendor/freetype/CMakeFiles/freetype.dir/src/base/ftotval.c.o
[ 63%] Building C object vendor/freetype/CMakeFiles/freetype.dir/src/base/ftpatent.c.o
[ 64%] Building C object vendor/freetype/CMakeFiles/freetype.dir/src/base/ftpfr.c.o
[ 65%] Building C object vendor/freetype/CMakeFiles/freetype.dir/src/base/ftstroke.c.o
[ 66%] Building C object vendor/freetype/CMakeFiles/freetype.dir/src/base/ftsynth.c.o
[ 67%] Building C object vendor/freetype/CMakeFiles/freetype.dir/src/base/fttype1.c.o
[ 67%] Building C object vendor/freetype/CMakeFiles/freetype.dir/src/base/ftwinfnt.c.o
[ 68%] Building C object vendor/freetype/CMakeFiles/freetype.dir/src/bdf/bdf.c.o
[ 69%] Building C object vendor/freetype/CMakeFiles/freetype.dir/src/bzip2/ftbzip2.c.o
[ 70%] Building C object vendor/freetype/CMakeFiles/freetype.dir/src/cache/ftcache.c.o
[ 71%] Building C object vendor/freetype/CMakeFiles/freetype.dir/src/cff/cff.c.o
[ 71%] Building C object vendor/freetype/CMakeFiles/freetype.dir/src/cid/type1cid.c.o
[ 72%] Building C object vendor/freetype/CMakeFiles/freetype.dir/src/gzip/ftgzip.c.o
[ 73%] Building C object vendor/freetype/CMakeFiles/freetype.dir/src/lzw/ftlzw.c.o
[ 74%] Building C object vendor/freetype/CMakeFiles/freetype.dir/src/pcf/pcf.c.o
[ 75%] Building C object vendor/freetype/CMakeFiles/freetype.dir/src/pfr/pfr.c.o
[ 75%] Building C object vendor/freetype/CMakeFiles/freetype.dir/src/psaux/psaux.c.o
[ 76%] Building C object vendor/freetype/CMakeFiles/freetype.dir/src/pshinter/pshinter.c.o
[ 77%] Building C object vendor/freetype/CMakeFiles/freetype.dir/src/psnames/psnames.c.o
[ 78%] Building C object vendor/freetype/CMakeFiles/freetype.dir/src/raster/raster.c.o
[ 79%] Building C object vendor/freetype/CMakeFiles/freetype.dir/src/sdf/sdf.c.o
[ 79%] Building C object vendor/freetype/CMakeFiles/freetype.dir/src/sfnt/sfnt.c.o
[ 80%] Building C object vendor/freetype/CMakeFiles/freetype.dir/src/smooth/smooth.c.o
[ 81%] Building C object vendor/freetype/CMakeFiles/freetype.dir/src/svg/svg.c.o
[ 82%] Building C object vendor/freetype/CMakeFiles/freetype.dir/src/truetype/truetype.c.o
[ 83%] Building C object vendor/freetype/CMakeFiles/freetype.dir/src/type1/type1.c.o
[ 83%] Building C object vendor/freetype/CMakeFiles/freetype.dir/src/type42/type42.c.o
[ 84%] Building C object vendor/freetype/CMakeFiles/freetype.dir/src/winfonts/winfnt.c.o
[ 85%] Building C object vendor/freetype/CMakeFiles/freetype.dir/builds/unix/ftsystem.c.o
[ 86%] Building C object vendor/freetype/CMakeFiles/freetype.dir/src/base/ftdebug.c.o
[ 87%] Linking C static library libfreetyped.a
[ 87%] Built target freetype
[ 87%] Building CXX object CMakeFiles/ChuGL.dir/ChuGL.cpp.o
[ 88%] Building C object CMakeFiles/ChuGL.dir/core/log.c.o
cc1: warning: command-line option ‘-Wno-class-memaccess’ is valid for C++/ObjC++ but not for C
[ 89%] Building C object CMakeFiles/ChuGL.dir/core/hashmap.c.o
cc1: warning: command-line option ‘-Wno-class-memaccess’ is valid for C++/ObjC++ but not for C
[ 90%] Building CXX object CMakeFiles/ChuGL.dir/core/memory.cpp.o
[ 91%] Building CXX object CMakeFiles/ChuGL.dir/implementations.cpp.o
[ 91%] Building C object CMakeFiles/ChuGL.dir/vendor/mikktspace/mikktspace.c.o
cc1: warning: command-line option ‘-Wno-class-memaccess’ is valid for C++/ObjC++ but not for C
[ 92%] Building CXX object CMakeFiles/ChuGL.dir/vendor/cimgui/cimgui.cpp.o
[ 93%] Building CXX object CMakeFiles/ChuGL.dir/vendor/cimgui/imgui/imgui.cpp.o
[ 94%] Building CXX object CMakeFiles/ChuGL.dir/vendor/cimgui/imgui/imgui_draw.cpp.o
[ 95%] Building CXX object CMakeFiles/ChuGL.dir/vendor/cimgui/imgui/imgui_demo.cpp.o
[ 95%] Building CXX object CMakeFiles/ChuGL.dir/vendor/cimgui/imgui/imgui_widgets.cpp.o
[ 96%] Building CXX object CMakeFiles/ChuGL.dir/vendor/cimgui/imgui/imgui_tables.cpp.o
[ 97%] Building CXX object CMakeFiles/ChuGL.dir/vendor/cimgui/imgui/misc/cpp/imgui_stdlib.cpp.o
[ 98%] Building CXX object CMakeFiles/ChuGL.dir/vendor/cimgui/imgui/backends/imgui_impl_glfw.cpp.o
[100%] Building CXX object CMakeFiles/ChuGL.dir/vendor/cimgui/imgui/backends/imgui_impl_wgpu.cpp.o
[100%] Linking CXX shared library ChuGL.chug
[100%] Built target ChuGL
45.19user 2.08system 0:48.45elapsed 97%CPU (0avgtext+0avgdata 774256maxresident)k
0inputs+391584outputs (0major+428718minor)pagefaults 0swaps

Installing ChuGL
[chuck:2:SYSTEM]: chugin system: ON
[chuck:2:SYSTEM]: chugin host API version: 10.2
[chuck:2:SYSTEM]:  | chugin major version must == host major version
[chuck:2:SYSTEM]:  | chugin minor version must <= host minor version
[chuck:2:SYSTEM]:  | language version: 1.5.5.2 (chai)
[chuck:2:SYSTEM]: probing chugins (.chug)...
[chuck:2:SYSTEM]: probing specified chugins (e.g., via --chugin)...
[chuck:2:SYSTEM]: probing chugins in search paths...
[chuck:2:SYSTEM]:  | searching '/usr/lib/chuck/'
[chuck:2:SYSTEM]:  | searching '/usr/local/lib/chuck/'
[chuck:2:SYSTEM]:  |  | [chugin] ChuGL.chug [OK] (API version: 10.2)
[chuck:2:SYSTEM]:  |  |  | version: 0.2.6 (alpha)
[chuck:2:SYSTEM]:  |  |  | author: Andrew Zhu Aday & Ge Wang
[chuck:2:SYSTEM]:  | searching '/home/znmeb/dbx-homes/ChucK-in-the-Box-debian_bookworm/.chuck/packages/'
[chuck:2:SYSTEM]:  | searching '/home/znmeb/dbx-homes/ChucK-in-the-Box-debian_bookworm/.chuck/lib/'
[chuck:2:SYSTEM]: probing chuck files (.ck)...
[chuck:2:SYSTEM]: global cleanup initiating...
[chuck:2:SYSTEM]: shutting down ChucK instance...
[chuck:2:SYSTEM]:  | ChucK instance shutdown complete.
Authorization required, but no authorization protocol specified

[ChuGL]: 22:38:54 [33mWARN [0m [90m/home/znmeb/dbx-homes/ChucK-in-the-Box-debian_bookworm/Projects/chugl/src/app.cpp:254:[0mGLFW Error[65550]: X11: Failed to open display :1

[ChuGL]: 22:38:54 [35mFATAL[0m [90m/home/znmeb/dbx-homes/ChucK-in-the-Box-debian_bookworm/Projects/chugl/src/app.cpp:341:[0mFailed to initialize GLFW

thread '<unnamed>' panicked at src/lib.rs:3973:36:
invalid surface
stack backtrace:
[chuck]: (VM) removing all (1) shreds...
   0:     0x7fffad01f2f8 - std::backtrace_rs::backtrace::libunwind::trace::h478edc47103e3f06
                               at /rustc/eeb90cda1969383f56a2637cbd3037bdf598841c/library/std/src/../../backtrace/src/backtrace/libunwind.rs:116:5
   1:     0x7fffad01f2f8 - std::backtrace_rs::backtrace::trace_unsynchronized::h42581fa4d7d2711f
                               at /rustc/eeb90cda1969383f56a2637cbd3037bdf598841c/library/std/src/../../backtrace/src/backtrace/mod.rs:66:5
   2:     0x7fffad01f2f8 - std::sys::backtrace::_print_fmt::hfa792f5d727892f7
                               at /rustc/eeb90cda1969383f56a2637cbd3037bdf598841c/library/std/src/sys/backtrace.rs:65:5
   3:     0x7fffad01f2f8 - <std::sys::backtrace::BacktraceLock::print::DisplayBacktrace as core::fmt::Display>::fmt::hd1bd86f9e87f2dc6
                               at /rustc/eeb90cda1969383f56a2637cbd3037bdf598841c/library/std/src/sys/backtrace.rs:40:26
   4:     0x7fffad06a2cc - core::fmt::rt::Argument::fmt::h4994c882fc039333
                               at /rustc/eeb90cda1969383f56a2637cbd3037bdf598841c/library/core/src/fmt/rt.rs:173:76
   5:     0x7fffad06a2cc - core::fmt::write::hf784ddce2439beb2
                               at /rustc/eeb90cda1969383f56a2637cbd3037bdf598841c/library/core/src/fmt/mod.rs:1182:21
   6:     0x7fffad014610 - std::io::Write::write_fmt::h3a532ab2ed2a81ef
                               at /rustc/eeb90cda1969383f56a2637cbd3037bdf598841c/library/std/src/io/mod.rs:1827:15
   7:     0x7fffad021970 - std::sys::backtrace::BacktraceLock::print::h3dc3d1eeb242dea4
                               at /rustc/eeb90cda1969383f56a2637cbd3037bdf598841c/library/std/src/sys/backtrace.rs:43:9
   8:     0x7fffad021970 - std::panicking::default_hook::{{closure}}::hdf566474624f0305
                               at /rustc/eeb90cda1969383f56a2637cbd3037bdf598841c/library/std/src/panicking.rs:269:22
   9:     0x7fffad021550 - std::panicking::default_hook::h7eca74c8246bec15
                               at /rustc/eeb90cda1969383f56a2637cbd3037bdf598841c/library/std/src/panicking.rs:296:9
  10:     0x7fffad0220d0 - std::panicking::rust_panic_with_hook::h23f33ab5bab293ef
                               at /rustc/eeb90cda1969383f56a2637cbd3037bdf598841c/library/std/src/panicking.rs:800:13
  11:     0x7fffad021ed8 - std::panicking::begin_panic_handler::{{closure}}::h8ea86e6103cb361c
                               at /rustc/eeb90cda1969383f56a2637cbd3037bdf598841c/library/std/src/panicking.rs:674:13
  12:     0x7fffad01f7e0 - std::sys::backtrace::__rust_end_short_backtrace::h6e01bce97227982e
                               at /rustc/eeb90cda1969383f56a2637cbd3037bdf598841c/library/std/src/sys/backtrace.rs:168:18
  13:     0x7fffad021ba8 - rust_begin_unwind
                               at /rustc/eeb90cda1969383f56a2637cbd3037bdf598841c/library/std/src/panicking.rs:665:5
  14:     0x7fffac9902b0 - core::panicking::panic_fmt::hb1e0b874c9a3c491
                               at /rustc/eeb90cda1969383f56a2637cbd3037bdf598841c/library/core/src/panicking.rs:74:14
  15:     0x7fffac990280 - core::panicking::panic_display::h0dae7e00cb6df9dd
                               at /rustc/eeb90cda1969383f56a2637cbd3037bdf598841c/library/core/src/panicking.rs:264:5
  16:     0x7fffac990280 - core::option::expect_failed::h3fb2ab1584ba2369
                               at /rustc/eeb90cda1969383f56a2637cbd3037bdf598841c/library/core/src/option.rs:2030:5
  17:     0x7fffacc18640 - wgpuSurfaceUnconfigure
  18:     0x7fffac992bb4 - _ZN15GraphicsContext7releaseEPS_
                               at /home/znmeb/dbx-homes/ChucK-in-the-Box-debian_bookworm/Projects/chugl/src/graphics.cpp:538:27
  19:     0x7fffaca531b0 - _ZN3App3endEPS_
                               at /home/znmeb/dbx-homes/ChucK-in-the-Box-debian_bookworm/Projects/chugl/src/app.cpp:527:33
  20:     0x7fffaca32cec - _Z20chugl_main_loop_hookPv
                               at /home/znmeb/dbx-homes/ChucK-in-the-Box-debian_bookworm/Projects/chugl/src/ChuGL.cpp:78:17
  21:     0x55557ded5774 - _Z2goiPPKc
  22:     0x55557deca18c - main
  23:     0x7fffb7c57740 - <unknown>
  24:     0x7fffb7c57818 - __libc_start_main
  25:     0x55557decb4f0 - _start
  26:                0x0 - <unknown>
thread '<unnamed>' panicked at library/core/src/panicking.rs:221:5:
panic in a function that cannot unwind
stack backtrace:
   0:     0x7fffad01f2f8 - std::backtrace_rs::backtrace::libunwind::trace::h478edc47103e3f06
                               at /rustc/eeb90cda1969383f56a2637cbd3037bdf598841c/library/std/src/../../backtrace/src/backtrace/libunwind.rs:116:5
   1:     0x7fffad01f2f8 - std::backtrace_rs::backtrace::trace_unsynchronized::h42581fa4d7d2711f
                               at /rustc/eeb90cda1969383f56a2637cbd3037bdf598841c/library/std/src/../../backtrace/src/backtrace/mod.rs:66:5
   2:     0x7fffad01f2f8 - std::sys::backtrace::_print_fmt::hfa792f5d727892f7
                               at /rustc/eeb90cda1969383f56a2637cbd3037bdf598841c/library/std/src/sys/backtrace.rs:65:5
   3:     0x7fffad01f2f8 - <std::sys::backtrace::BacktraceLock::print::DisplayBacktrace as core::fmt::Display>::fmt::hd1bd86f9e87f2dc6
                               at /rustc/eeb90cda1969383f56a2637cbd3037bdf598841c/library/std/src/sys/backtrace.rs:40:26
   4:     0x7fffad06a2cc - core::fmt::rt::Argument::fmt::h4994c882fc039333
                               at /rustc/eeb90cda1969383f56a2637cbd3037bdf598841c/library/core/src/fmt/rt.rs:173:76
   5:     0x7fffad06a2cc - core::fmt::write::hf784ddce2439beb2
                               at /rustc/eeb90cda1969383f56a2637cbd3037bdf598841c/library/core/src/fmt/mod.rs:1182:21
   6:     0x7fffad014610 - std::io::Write::write_fmt::h3a532ab2ed2a81ef
                               at /rustc/eeb90cda1969383f56a2637cbd3037bdf598841c/library/std/src/io/mod.rs:1827:15
   7:     0x7fffad021970 - std::sys::backtrace::BacktraceLock::print::h3dc3d1eeb242dea4
                               at /rustc/eeb90cda1969383f56a2637cbd3037bdf598841c/library/std/src/sys/backtrace.rs:43:9
   8:     0x7fffad021970 - std::panicking::default_hook::{{closure}}::hdf566474624f0305
                               at /rustc/eeb90cda1969383f56a2637cbd3037bdf598841c/library/std/src/panicking.rs:269:22
   9:     0x7fffad021550 - std::panicking::default_hook::h7eca74c8246bec15
                               at /rustc/eeb90cda1969383f56a2637cbd3037bdf598841c/library/std/src/panicking.rs:296:9
  10:     0x7fffad0220d0 - std::panicking::rust_panic_with_hook::h23f33ab5bab293ef
                               at /rustc/eeb90cda1969383f56a2637cbd3037bdf598841c/library/std/src/panicking.rs:800:13
  11:     0x7fffad021eb0 - std::panicking::begin_panic_handler::{{closure}}::h8ea86e6103cb361c
                               at /rustc/eeb90cda1969383f56a2637cbd3037bdf598841c/library/std/src/panicking.rs:667:13
  12:     0x7fffad01f7e0 - std::sys::backtrace::__rust_end_short_backtrace::h6e01bce97227982e
                               at /rustc/eeb90cda1969383f56a2637cbd3037bdf598841c/library/std/src/sys/backtrace.rs:168:18
  13:     0x7fffad021ba8 - rust_begin_unwind
                               at /rustc/eeb90cda1969383f56a2637cbd3037bdf598841c/library/std/src/panicking.rs:665:5
  14:     0x7fffac9902e0 - core::panicking::panic_nounwind_fmt::runtime::h38472b51f7eca294
                               at /rustc/eeb90cda1969383f56a2637cbd3037bdf598841c/library/core/src/panicking.rs:112:18
  15:     0x7fffac9902e0 - core::panicking::panic_nounwind_fmt::h01b437f4a97f4346
                               at /rustc/eeb90cda1969383f56a2637cbd3037bdf598841c/library/core/src/panicking.rs:122:5
  16:     0x7fffac990358 - core::panicking::panic_nounwind::h17298cd3cbc2905e
                               at /rustc/eeb90cda1969383f56a2637cbd3037bdf598841c/library/core/src/panicking.rs:221:5
  17:     0x7fffac9904d0 - core::panicking::panic_cannot_unwind::hd0e9c6802cc1dd3d
                               at /rustc/eeb90cda1969383f56a2637cbd3037bdf598841c/library/core/src/panicking.rs:309:5
  18:     0x7fffacc18648 - wgpuSurfaceUnconfigure
  19:     0x7fffac992bb4 - _ZN15GraphicsContext7releaseEPS_
                               at /home/znmeb/dbx-homes/ChucK-in-the-Box-debian_bookworm/Projects/chugl/src/graphics.cpp:538:27
  20:     0x7fffaca531b0 - _ZN3App3endEPS_
                               at /home/znmeb/dbx-homes/ChucK-in-the-Box-debian_bookworm/Projects/chugl/src/app.cpp:527:33
  21:     0x7fffaca32cec - _Z20chugl_main_loop_hookPv
                               at /home/znmeb/dbx-homes/ChucK-in-the-Box-debian_bookworm/Projects/chugl/src/ChuGL.cpp:78:17
  22:     0x55557ded5774 - _Z2goiPPKc
  23:     0x55557deca18c - main
  24:     0x7fffb7c57740 - <unknown>
  25:     0x7fffb7c57818 - __libc_start_main
  26:     0x55557decb4f0 - _start
  27:                0x0 - <unknown>
thread caused non-unwinding panic. aborting.
Authorization required, but no authorization protocol specified

[ChuGL]: 22:38:55 [33mWARN [0m [90m/home/znmeb/dbx-homes/ChucK-in-the-Box-debian_bookworm/Projects/chugl/src/app.cpp:254:[0mGLFW Error[65550]: X11: Failed to open display :1

[ChuGL]: 22:38:55 [35mFATAL[0m [90m/home/znmeb/dbx-homes/ChucK-in-the-Box-debian_bookworm/Projects/chugl/src/app.cpp:341:[0mFailed to initialize GLFW

thread '<unnamed>' panicked at src/lib.rs:3973:36:
invalid surface
stack backtrace:
[chuck]: (VM) removing all (2) shreds...
   0:     0x7ffed308f2f8 - std::backtrace_rs::backtrace::libunwind::trace::h478edc47103e3f06
                               at /rustc/eeb90cda1969383f56a2637cbd3037bdf598841c/library/std/src/../../backtrace/src/backtrace/libunwind.rs:116:5
   1:     0x7ffed308f2f8 - std::backtrace_rs::backtrace::trace_unsynchronized::h42581fa4d7d2711f
                               at /rustc/eeb90cda1969383f56a2637cbd3037bdf598841c/library/std/src/../../backtrace/src/backtrace/mod.rs:66:5
   2:     0x7ffed308f2f8 - std::sys::backtrace::_print_fmt::hfa792f5d727892f7
                               at /rustc/eeb90cda1969383f56a2637cbd3037bdf598841c/library/std/src/sys/backtrace.rs:65:5
   3:     0x7ffed308f2f8 - <std::sys::backtrace::BacktraceLock::print::DisplayBacktrace as core::fmt::Display>::fmt::hd1bd86f9e87f2dc6
                               at /rustc/eeb90cda1969383f56a2637cbd3037bdf598841c/library/std/src/sys/backtrace.rs:40:26
   4:     0x7ffed30da2cc - core::fmt::rt::Argument::fmt::h4994c882fc039333
                               at /rustc/eeb90cda1969383f56a2637cbd3037bdf598841c/library/core/src/fmt/rt.rs:173:76
   5:     0x7ffed30da2cc - core::fmt::write::hf784ddce2439beb2
                               at /rustc/eeb90cda1969383f56a2637cbd3037bdf598841c/library/core/src/fmt/mod.rs:1182:21
   6:     0x7ffed3084610 - std::io::Write::write_fmt::h3a532ab2ed2a81ef
                               at /rustc/eeb90cda1969383f56a2637cbd3037bdf598841c/library/std/src/io/mod.rs:1827:15
   7:     0x7ffed3091970 - std::sys::backtrace::BacktraceLock::print::h3dc3d1eeb242dea4
                               at /rustc/eeb90cda1969383f56a2637cbd3037bdf598841c/library/std/src/sys/backtrace.rs:43:9
   8:     0x7ffed3091970 - std::panicking::default_hook::{{closure}}::hdf566474624f0305
                               at /rustc/eeb90cda1969383f56a2637cbd3037bdf598841c/library/std/src/panicking.rs:269:22
   9:     0x7ffed3091550 - std::panicking::default_hook::h7eca74c8246bec15
                               at /rustc/eeb90cda1969383f56a2637cbd3037bdf598841c/library/std/src/panicking.rs:296:9
  10:     0x7ffed30920d0 - std::panicking::rust_panic_with_hook::h23f33ab5bab293ef
                               at /rustc/eeb90cda1969383f56a2637cbd3037bdf598841c/library/std/src/panicking.rs:800:13
  11:     0x7ffed3091ed8 - std::panicking::begin_panic_handler::{{closure}}::h8ea86e6103cb361c
                               at /rustc/eeb90cda1969383f56a2637cbd3037bdf598841c/library/std/src/panicking.rs:674:13
  12:     0x7ffed308f7e0 - std::sys::backtrace::__rust_end_short_backtrace::h6e01bce97227982e
                               at /rustc/eeb90cda1969383f56a2637cbd3037bdf598841c/library/std/src/sys/backtrace.rs:168:18
  13:     0x7ffed3091ba8 - rust_begin_unwind
                               at /rustc/eeb90cda1969383f56a2637cbd3037bdf598841c/library/std/src/panicking.rs:665:5
  14:     0x7ffed2a002b0 - core::panicking::panic_fmt::hb1e0b874c9a3c491
                               at /rustc/eeb90cda1969383f56a2637cbd3037bdf598841c/library/core/src/panicking.rs:74:14
  15:     0x7ffed2a00280 - core::panicking::panic_display::h0dae7e00cb6df9dd
                               at /rustc/eeb90cda1969383f56a2637cbd3037bdf598841c/library/core/src/panicking.rs:264:5
  16:     0x7ffed2a00280 - core::option::expect_failed::h3fb2ab1584ba2369
                               at /rustc/eeb90cda1969383f56a2637cbd3037bdf598841c/library/core/src/option.rs:2030:5
  17:     0x7ffed2c88640 - wgpuSurfaceUnconfigure
  18:     0x7ffed2a02bb4 - _ZN15GraphicsContext7releaseEPS_
                               at /home/znmeb/dbx-homes/ChucK-in-the-Box-debian_bookworm/Projects/chugl/src/graphics.cpp:538:27
  19:     0x7ffed2ac31b0 - _ZN3App3endEPS_
                               at /home/znmeb/dbx-homes/ChucK-in-the-Box-debian_bookworm/Projects/chugl/src/app.cpp:527:33
  20:     0x7ffed2aa2cec - _Z20chugl_main_loop_hookPv
                               at /home/znmeb/dbx-homes/ChucK-in-the-Box-debian_bookworm/Projects/chugl/src/ChuGL.cpp:78:17
  21:     0x555628e45774 - _Z2goiPPKc
  22:     0x555628e3a18c - main
  23:     0x7ffee20e7740 - <unknown>
  24:     0x7ffee20e7818 - __libc_start_main
  25:     0x555628e3b4f0 - _start
  26:                0x0 - <unknown>
thread '<unnamed>' panicked at library/core/src/panicking.rs:221:5:
panic in a function that cannot unwind
stack backtrace:
   0:     0x7ffed308f2f8 - std::backtrace_rs::backtrace::libunwind::trace::h478edc47103e3f06
                               at /rustc/eeb90cda1969383f56a2637cbd3037bdf598841c/library/std/src/../../backtrace/src/backtrace/libunwind.rs:116:5
   1:     0x7ffed308f2f8 - std::backtrace_rs::backtrace::trace_unsynchronized::h42581fa4d7d2711f
                               at /rustc/eeb90cda1969383f56a2637cbd3037bdf598841c/library/std/src/../../backtrace/src/backtrace/mod.rs:66:5
   2:     0x7ffed308f2f8 - std::sys::backtrace::_print_fmt::hfa792f5d727892f7
                               at /rustc/eeb90cda1969383f56a2637cbd3037bdf598841c/library/std/src/sys/backtrace.rs:65:5
   3:     0x7ffed308f2f8 - <std::sys::backtrace::BacktraceLock::print::DisplayBacktrace as core::fmt::Display>::fmt::hd1bd86f9e87f2dc6
                               at /rustc/eeb90cda1969383f56a2637cbd3037bdf598841c/library/std/src/sys/backtrace.rs:40:26
   4:     0x7ffed30da2cc - core::fmt::rt::Argument::fmt::h4994c882fc039333
                               at /rustc/eeb90cda1969383f56a2637cbd3037bdf598841c/library/core/src/fmt/rt.rs:173:76
   5:     0x7ffed30da2cc - core::fmt::write::hf784ddce2439beb2
                               at /rustc/eeb90cda1969383f56a2637cbd3037bdf598841c/library/core/src/fmt/mod.rs:1182:21
   6:     0x7ffed3084610 - std::io::Write::write_fmt::h3a532ab2ed2a81ef
                               at /rustc/eeb90cda1969383f56a2637cbd3037bdf598841c/library/std/src/io/mod.rs:1827:15
   7:     0x7ffed3091970 - std::sys::backtrace::BacktraceLock::print::h3dc3d1eeb242dea4
                               at /rustc/eeb90cda1969383f56a2637cbd3037bdf598841c/library/std/src/sys/backtrace.rs:43:9
   8:     0x7ffed3091970 - std::panicking::default_hook::{{closure}}::hdf566474624f0305
                               at /rustc/eeb90cda1969383f56a2637cbd3037bdf598841c/library/std/src/panicking.rs:269:22
   9:     0x7ffed3091550 - std::panicking::default_hook::h7eca74c8246bec15
                               at /rustc/eeb90cda1969383f56a2637cbd3037bdf598841c/library/std/src/panicking.rs:296:9
  10:     0x7ffed30920d0 - std::panicking::rust_panic_with_hook::h23f33ab5bab293ef
                               at /rustc/eeb90cda1969383f56a2637cbd3037bdf598841c/library/std/src/panicking.rs:800:13
  11:     0x7ffed3091eb0 - std::panicking::begin_panic_handler::{{closure}}::h8ea86e6103cb361c
                               at /rustc/eeb90cda1969383f56a2637cbd3037bdf598841c/library/std/src/panicking.rs:667:13
  12:     0x7ffed308f7e0 - std::sys::backtrace::__rust_end_short_backtrace::h6e01bce97227982e
                               at /rustc/eeb90cda1969383f56a2637cbd3037bdf598841c/library/std/src/sys/backtrace.rs:168:18
  13:     0x7ffed3091ba8 - rust_begin_unwind
                               at /rustc/eeb90cda1969383f56a2637cbd3037bdf598841c/library/std/src/panicking.rs:665:5
  14:     0x7ffed2a002e0 - core::panicking::panic_nounwind_fmt::runtime::h38472b51f7eca294
                               at /rustc/eeb90cda1969383f56a2637cbd3037bdf598841c/library/core/src/panicking.rs:112:18
  15:     0x7ffed2a002e0 - core::panicking::panic_nounwind_fmt::h01b437f4a97f4346
                               at /rustc/eeb90cda1969383f56a2637cbd3037bdf598841c/library/core/src/panicking.rs:122:5
  16:     0x7ffed2a00358 - core::panicking::panic_nounwind::h17298cd3cbc2905e
                               at /rustc/eeb90cda1969383f56a2637cbd3037bdf598841c/library/core/src/panicking.rs:221:5
  17:     0x7ffed2a004d0 - core::panicking::panic_cannot_unwind::hd0e9c6802cc1dd3d
                               at /rustc/eeb90cda1969383f56a2637cbd3037bdf598841c/library/core/src/panicking.rs:309:5
  18:     0x7ffed2c88648 - wgpuSurfaceUnconfigure
  19:     0x7ffed2a02bb4 - _ZN15GraphicsContext7releaseEPS_
                               at /home/znmeb/dbx-homes/ChucK-in-the-Box-debian_bookworm/Projects/chugl/src/graphics.cpp:538:27
  20:     0x7ffed2ac31b0 - _ZN3App3endEPS_
                               at /home/znmeb/dbx-homes/ChucK-in-the-Box-debian_bookworm/Projects/chugl/src/app.cpp:527:33
  21:     0x7ffed2aa2cec - _Z20chugl_main_loop_hookPv
                               at /home/znmeb/dbx-homes/ChucK-in-the-Box-debian_bookworm/Projects/chugl/src/ChuGL.cpp:78:17
  22:     0x555628e45774 - _Z2goiPPKc
  23:     0x555628e3a18c - main
  24:     0x7ffee20e7740 - <unknown>
  25:     0x7ffee20e7818 - __libc_start_main
  26:     0x555628e3b4f0 - _start
  27:                0x0 - <unknown>
thread caused non-unwinding panic. aborting.
*** Finished ChuGL ***
